This is pdfTeX, Version 3.14159265-2.6-1.40.17 (MiKTeX 2.9.6210 64-bit) (preloaded format=pdflatex 2017.3.22)  30 SEP 2017 22:09
entering extended mode
**"./Postgraduate Application Approval System.tex"
("Postgraduate Application Approval System.tex"
LaTeX2e <2017/01/01> patch level 1
Babel <3.9r> and hyphenation patterns for 75 language(s) loaded.
("C:\Program Files\MiKTeX 2.9\tex\latex\base\article.cls"
Document Class: article 2014/09/29 v1.4h Standard LaTeX document class
("C:\Program Files\MiKTeX 2.9\tex\latex\base\size10.clo"
File: size10.clo 2014/09/29 v1.4h Standard LaTeX file (size option)
)
\c@part=\count79
\c@section=\count80
\c@subsection=\count81
\c@subsubsection=\count82
\c@paragraph=\count83
\c@subparagraph=\count84
\c@figure=\count85
\c@table=\count86
\abovecaptionskip=\skip41
\belowcaptionskip=\skip42
\bibindent=\dimen102
)
("C:\Program Files\MiKTeX 2.9\tex\latex\graphics\graphicx.sty"
Package: graphicx 2014/10/28 v1.0g Enhanced LaTeX Graphics (DPC,SPQR)

("C:\Program Files\MiKTeX 2.9\tex\latex\graphics\keyval.sty"
Package: keyval 2014/10/28 v1.15 key=value parser (DPC)
\KV@toks@=\toks14
)
("C:\Program Files\MiKTeX 2.9\tex\latex\graphics\graphics.sty"
Package: graphics 2016/10/09 v1.0u Standard LaTeX Graphics (DPC,SPQR)

("C:\Program Files\MiKTeX 2.9\tex\latex\graphics\trig.sty"
Package: trig 2016/01/03 v1.10 sin cos tan (DPC)
)
("C:\Program Files\MiKTeX 2.9\tex\latex\graphics-cfg\graphics.cfg"
File: graphics.cfg 2016/06/04 v1.11 sample graphics configuration
)
Package graphics Info: Driver file: pdftex.def on input line 99.

("C:\Program Files\MiKTeX 2.9\tex\latex\graphics-def\pdftex.def"
File: pdftex.def 2017/01/12 v0.06k Graphics/color for pdfTeX

("C:\Program Files\MiKTeX 2.9\tex\generic\oberdiek\infwarerr.sty"
Package: infwarerr 2016/05/16 v1.4 Providing info/warning/error messages (HO)
)
("C:\Program Files\MiKTeX 2.9\tex\generic\oberdiek\ltxcmds.sty"
Package: ltxcmds 2016/05/16 v1.23 LaTeX kernel commands for general use (HO)
)
\Gread@gobject=\count87
))
\Gin@req@height=\dimen103
\Gin@req@width=\dimen104
)
("C:\Program Files\MiKTeX 2.9\tex\latex\tabu\tabu.sty"
Package: tabu 2011/02/26 v2.8 - flexible LaTeX tabulars (FC)

("C:\Program Files\MiKTeX 2.9\tex\latex\tools\array.sty"
Package: array 2016/10/06 v2.4d Tabular extension package (FMi)
\col@sep=\dimen105
\extrarowheight=\dimen106
\NC@list=\toks15
\extratabsurround=\skip43
\backup@length=\skip44
)
("C:\Program Files\MiKTeX 2.9\tex\latex\ltxmisc\varwidth.sty"
Package: varwidth 2009/03/30 ver 0.92;  Variable-width minipages
\@vwid@box=\box26
\sift@deathcycles=\count88
\@vwid@loff=\dimen107
\@vwid@roff=\dimen108
)
\c@taburow=\count89
\tabu@nbcols=\count90
\tabu@cnt=\count91
\tabu@Xcol=\count92
\tabu@alloc=\count93
\tabu@nested=\count94
\tabu@target=\dimen109
\tabu@spreadtarget=\dimen110
\tabu@naturalX=\dimen111
\tabucolX=\dimen112
\tabu@Xsum=\dimen113
\extrarowdepth=\dimen114
\abovetabulinesep=\dimen115
\belowtabulinesep=\dimen116
\tabustrutrule=\dimen117
\tabu@thebody=\toks16
\tabu@footnotes=\toks17
\tabu@box=\box27
\tabu@arstrutbox=\box28
\tabu@hleads=\box29
\tabu@vleads=\box30
\tabu@cellskip=\skip45
)
("C:\Program Files\MiKTeX 2.9\tex\latex\geometry\geometry.sty"
Package: geometry 2010/09/12 v5.6 Page Geometry

("C:\Program Files\MiKTeX 2.9\tex\generic\oberdiek\ifpdf.sty"
Package: ifpdf 2016/05/14 v3.1 Provides the ifpdf switch
)
("C:\Program Files\MiKTeX 2.9\tex\generic\oberdiek\ifvtex.sty"
Package: ifvtex 2016/05/16 v1.6 Detect VTeX and its facilities (HO)
Package ifvtex Info: VTeX not detected.
)
("C:\Program Files\MiKTeX 2.9\tex\generic\ifxetex\ifxetex.sty"
Package: ifxetex 2010/09/12 v0.6 Provides ifxetex conditional
)
\Gm@cnth=\count95
\Gm@cntv=\count96
\c@Gm@tempcnt=\count97
\Gm@bindingoffset=\dimen118
\Gm@wd@mp=\dimen119
\Gm@odd@mp=\dimen120
\Gm@even@mp=\dimen121
\Gm@layoutwidth=\dimen122
\Gm@layoutheight=\dimen123
\Gm@layouthoffset=\dimen124
\Gm@layoutvoffset=\dimen125
\Gm@dimlist=\toks18

("C:\Program Files\MiKTeX 2.9\tex\latex\geometry\geometry.cfg"))
("Postgraduate Application Approval System.aux")
\openout1 = `"Postgraduate Application Approval System.aux"'.

LaTeX Font Info:    Checking defaults for OML/cmm/m/it on input line 5.
LaTeX Font Info:    ... okay on input line 5.
LaTeX Font Info:    Checking defaults for T1/cmr/m/n on input line 5.
LaTeX Font Info:    ... okay on input line 5.
LaTeX Font Info:    Checking defaults for OT1/cmr/m/n on input line 5.
LaTeX Font Info:    ... okay on input line 5.
LaTeX Font Info:    Checking defaults for OMS/cmsy/m/n on input line 5.
LaTeX Font Info:    ... okay on input line 5.
LaTeX Font Info:    Checking defaults for OMX/cmex/m/n on input line 5.
LaTeX Font Info:    ... okay on input line 5.
LaTeX Font Info:    Checking defaults for U/cmr/m/n on input line 5.
LaTeX Font Info:    ... okay on input line 5.

("C:\Program Files\MiKTeX 2.9\tex\context\base\supp-pdf.mkii"
[Loading MPS to PDF converter (version 2006.09.02).]
\scratchcounter=\count98
\scratchdimen=\dimen126
\scratchbox=\box31
\nofMPsegments=\count99
\nofMParguments=\count100
\everyMPshowfont=\toks19
\MPscratchCnt=\count101
\MPscratchDim=\dimen127
\MPnumerator=\count102
\makeMPintoPDFobject=\count103
\everyMPtoPDFconversion=\toks20
) ("C:\Program Files\MiKTeX 2.9\tex\generic\oberdiek\pdftexcmds.sty"
Package: pdftexcmds 2016/05/21 v0.22 Utility functions of pdfTeX for LuaTeX (HO
)

("C:\Program Files\MiKTeX 2.9\tex\generic\oberdiek\ifluatex.sty"
Package: ifluatex 2016/05/16 v1.4 Provides the ifluatex switch (HO)
Package ifluatex Info: LuaTeX not detected.
)
Package pdftexcmds Info: LuaTeX not detected.
Package pdftexcmds Info: \pdf@primitive is available.
Package pdftexcmds Info: \pdf@ifprimitive is available.
Package pdftexcmds Info: \pdfdraftmode found.
)
("C:\Program Files\MiKTeX 2.9\tex\latex\oberdiek\epstopdf-base.sty"
Package: epstopdf-base 2016/05/15 v2.6 Base part for package epstopdf

("C:\Program Files\MiKTeX 2.9\tex\latex\oberdiek\grfext.sty"
Package: grfext 2016/05/16 v1.2 Manage graphics extensions (HO)

("C:\Program Files\MiKTeX 2.9\tex\generic\oberdiek\kvdefinekeys.sty"
Package: kvdefinekeys 2016/05/16 v1.4 Define keys (HO)
))
("C:\Program Files\MiKTeX 2.9\tex\latex\oberdiek\kvoptions.sty"
Package: kvoptions 2016/05/16 v3.12 Key value format for package options (HO)

("C:\Program Files\MiKTeX 2.9\tex\generic\oberdiek\kvsetkeys.sty"
Package: kvsetkeys 2016/05/16 v1.17 Key value parser (HO)

("C:\Program Files\MiKTeX 2.9\tex\generic\oberdiek\etexcmds.sty"
Package: etexcmds 2016/05/16 v1.6 Avoid name clashes with e-TeX commands (HO)
Package etexcmds Info: Could not find \expanded.
(etexcmds)             That can mean that you are not using pdfTeX 1.50 or
(etexcmds)             that some package has redefined \expanded.
(etexcmds)             In the latter case, load this package earlier.
)))
Package epstopdf-base Info: Redefining graphics rule for `.eps' on input line 4
38.
Package grfext Info: Graphics extension search list:
(grfext)             [.png,.pdf,.jpg,.mps,.jpeg,.jbig2,.jb2,.PNG,.PDF,.JPG,.JPE
G,.JBIG2,.JB2,.eps]
(grfext)             \AppendGraphicsExtensions on input line 456.
)
*geometry* driver: auto-detecting
*geometry* detected driver: pdftex
*geometry* verbose mode - [ preamble ] result:
* driver: pdftex
* paper: <default>
* layout: <same size as paper>
* layoutoffset:(h,v)=(0.0pt,0.0pt)
* modes: 
* h-part:(L,W,R)=(71.13188pt, 472.03123pt, 71.13188pt)
* v-part:(T,H,B)=(71.13188pt, 652.70622pt, 71.13188pt)
* \paperwidth=614.295pt
* \paperheight=794.96999pt
* \textwidth=472.03123pt
* \textheight=652.70622pt
* \oddsidemargin=-1.1381pt
* \evensidemargin=-1.1381pt
* \topmargin=-38.1381pt
* \headheight=12.0pt
* \headsep=25.0pt
* \topskip=10.0pt
* \footskip=30.0pt
* \marginparwidth=65.0pt
* \marginparsep=11.0pt
* \columnsep=10.0pt
* \skip\footins=9.0pt plus 4.0pt minus 2.0pt
* \hoffset=0.0pt
* \voffset=0.0pt
* \mag=1000
* \@twocolumnfalse
* \@twosidefalse
* \@mparswitchfalse
* \@reversemarginfalse
* (1in=72.27pt=25.4mm, 1cm=28.453pt)

<witsLogo.png, id=1, 401.5pt x 401.5pt>
File: witsLogo.png Graphic file (type png)
 <use witsLogo.png>
Package pdftex.def Info: witsLogo.png used on input line 14.
(pdftex.def)             Requested size: 200.7495pt x 200.7495pt.
 [1

{C:/ProgramData/MiKTeX/2.9/pdftex/config/pdftex.map} <./witsLogo.png>]
("Postgraduate Application Approval System.toc"
LaTeX Font Info:    External font `cmex10' loaded for size
(Font)              <7> on input line 2.
LaTeX Font Info:    External font `cmex10' loaded for size
(Font)              <5> on input line 2.
 [1])
\tf@toc=\write3
\openout3 = `"Postgraduate Application Approval System.toc"'.

 [2] [3]
LaTeX Font Info:    Try loading font information for OMS+cmr on input line 95.

("C:\Program Files\MiKTeX 2.9\tex\latex\base\omscmr.fd"
File: omscmr.fd 2014/09/29 v2.5h Standard LaTeX font definitions
)
LaTeX Font Info:    Font shape `OMS/cmr/m/n' in size <10> not available
(Font)              Font shape `OMS/cmsy/m/n' tried instead on input line 95.

Underfull \hbox (badness 10000) in paragraph at lines 111--113

 []

[4]
Underfull \hbox (badness 10000) in paragraph at lines 122--123

 []


Underfull \hbox (badness 10000) in paragraph at lines 126--127

 []


Underfull \hbox (badness 10000) in paragraph at lines 140--184

 []

[5]
Underfull \hbox (badness 10000) in paragraph at lines 185--205

 []


Underfull \hbox (badness 10000) in paragraph at lines 185--205

 []


Underfull \hbox (badness 10000) in paragraph at lines 185--205

 []


Underfull \hbox (badness 10000) in paragraph at lines 185--205

 []


Underfull \hbox (badness 10000) in paragraph at lines 185--205

 []


Underfull \hbox (badness 10000) in paragraph at lines 185--205

 []


Underfull \hbox (badness 10000) in paragraph at lines 185--205

 []


Underfull \hbox (badness 10000) in paragraph at lines 185--205

 []


Underfull \hbox (badness 10000) in paragraph at lines 185--205

 []


Underfull \hbox (badness 10000) in paragraph at lines 185--205

 []


Underfull \hbox (badness 10000) in paragraph at lines 185--205

 []


Underfull \hbox (badness 10000) in paragraph at lines 185--205

 []


Underfull \hbox (badness 10000) in paragraph at lines 185--205

 []


Underfull \hbox (badness 10000) in paragraph at lines 185--205

 []


Underfull \hbox (badness 10000) in paragraph at lines 185--205

 []


Underfull \hbox (badness 10000) in paragraph at lines 185--205

 []


Underfull \hbox (badness 10000) in paragraph at lines 185--205

 []


Underfull \hbox (badness 10000) in paragraph at lines 185--205

 []


Underfull \hbox (badness 10000) in paragraph at lines 185--205

 []

[6]
Missing character: There is no ‚ in font cmr10!
Missing character: There is no Ä in font cmr10!
Missing character: There is no ú in font cmr10!
Missing character: There is no ‚ in font cmr10!
Missing character: There is no Ä in font cmr10!
Missing character: There is no ù in font cmr10!
Missing character: There is no ‚ in font cmr10!
Missing character: There is no Ä in font cmr10!
Missing character: There is no ú in font cmr10!
Missing character: There is no ‚ in font cmr10!
Missing character: There is no Ä in font cmr10!
Missing character: There is no ù in font cmr10!
Missing character: There is no ‚ in font cmr10!
Missing character: There is no Ä in font cmr10!
Missing character: There is no ô in font cmr10!

Underfull \hbox (badness 10000) in paragraph at lines 217--226

 []


Underfull \hbox (badness 10000) in paragraph at lines 217--226

 []


Underfull \hbox (badness 10000) in paragraph at lines 217--226

 []

[7]
Missing character: There is no ‚ in font cmr10!
Missing character: There is no Ä in font cmr10!
Missing character: There is no ô in font cmr10!

Underfull \hbox (badness 10000) in paragraph at lines 227--457

 []


Underfull \hbox (badness 10000) in paragraph at lines 227--457

 []


Underfull \hbox (badness 10000) in paragraph at lines 227--457

 []


Underfull \hbox (badness 10000) in paragraph at lines 227--457

 []


Underfull \hbox (badness 10000) in paragraph at lines 227--457

 []


Underfull \hbox (badness 10000) in paragraph at lines 227--457

 []


Underfull \hbox (badness 10000) in paragraph at lines 227--457

 []


Underfull \hbox (badness 10000) in paragraph at lines 227--457

 []


Underfull \hbox (badness 10000) in paragraph at lines 227--457

 []


Underfull \hbox (badness 10000) in paragraph at lines 227--457

 []


Underfull \hbox (badness 10000) in paragraph at lines 227--457

 []


Underfull \hbox (badness 10000) in paragraph at lines 227--457

 []


Underfull \hbox (badness 10000) in paragraph at lines 227--457

 []


Underfull \hbox (badness 10000) in paragraph at lines 227--457

 []


Underfull \hbox (badness 10000) in paragraph at lines 227--457

 []


Underfull \hbox (badness 10000) in paragraph at lines 227--457

 []


Underfull \hbox (badness 10000) in paragraph at lines 227--457

 []


Underfull \hbox (badness 10000) in paragraph at lines 227--457

 []


Underfull \hbox (badness 10000) in paragraph at lines 227--457

 []


Underfull \hbox (badness 10000) in paragraph at lines 227--457

 []


Underfull \hbox (badness 10000) in paragraph at lines 227--457

 []


Underfull \hbox (badness 10000) in paragraph at lines 227--457

 []


Underfull \hbox (badness 10000) in paragraph at lines 227--457

 []


Underfull \hbox (badness 10000) in paragraph at lines 227--457

 []


Underfull \hbox (badness 10000) in paragraph at lines 227--457

 []


Underfull \hbox (badness 10000) in paragraph at lines 227--457

 []


Underfull \hbox (badness 10000) in paragraph at lines 227--457

 []


Underfull \hbox (badness 10000) in paragraph at lines 227--457

 []


Underfull \hbox (badness 10000) in paragraph at lines 227--457

 []


Underfull \hbox (badness 10000) in paragraph at lines 227--457

 []

[8] [9] [10] [11] [12] [13]
Underfull \hbox (badness 10000) in paragraph at lines 460--462

 []


Underfull \hbox (badness 10000) in paragraph at lines 463--467

 []


Underfull \hbox (badness 10000) in paragraph at lines 463--467

 []

[14] <Capture2.png, id=58, 418.56375pt x 143.03438pt>
File: Capture2.png Graphic file (type png)
 <use Capture2.png>
Package pdftex.def Info: Capture2.png used on input line 484.
(pdftex.def)             Requested size: 418.56271pt x 143.03401pt.

Underfull \hbox (badness 10000) in paragraph at lines 488--489

 []

[15 <./Capture2.png>]
Underfull \hbox (badness 10000) in paragraph at lines 503--504

 []

<UseCaseDiagram.png, id=63, 706.13812pt x 586.44093pt>
File: UseCaseDiagram.png Graphic file (type png)

<use UseCaseDiagram.png>
Package pdftex.def Info: UseCaseDiagram.png used on input line 513.
(pdftex.def)             Requested size: 458.98434pt x 381.18208pt.
 [16] <ERD.png, id=67, 967.36406pt x 606.76688pt>
File: ERD.png Graphic file (type png)

<use ERD.png>
Package pdftex.def Info: ERD.png used on input line 516.
(pdftex.def)             Requested size: 483.68085pt x 303.38269pt.

Overfull \hbox (11.64961pt too wide) in paragraph at lines 516--517
[] 
 []


Underfull \hbox (badness 10000) in paragraph at lines 516--517

 []

[17 <./UseCaseDiagram.png>]
<ApplicationSystemFlow.png, id=71, 788.9475pt x 746.03719pt>
File: ApplicationSystemFlow.png Graphic file (type png)

<use ApplicationSystemFlow.png>
Package pdftex.def Info: ApplicationSystemFlow.png used on input line 518.
(pdftex.def)             Requested size: 473.37215pt x 447.62576pt.

Overfull \hbox (1.34091pt too wide) in paragraph at lines 518--519
[] 
 []


Underfull \hbox (badness 10000) in paragraph at lines 518--519

 []

[18 <./ERD.png>] <CreateApplicationSD.png, id=76, 641.39626pt x 340.27126pt>
File: CreateApplicationSD.png Graphic file (type png)

<use CreateApplicationSD.png>
Package pdftex.def Info: CreateApplicationSD.png used on input line 520.
(pdftex.def)             Requested size: 448.97432pt x 238.18825pt.

<CreateInterviewSD.png, id=77, 662.475pt x 293.59688pt>
File: CreateInterviewSD.png Graphic file (type png)

<use CreateInterviewSD.png>
Package pdftex.def Info: CreateInterviewSD.png used on input line 521.
(pdftex.def)             Requested size: 463.72934pt x 205.5164pt.

<FinalizeApplicationSD.png, id=78, 698.61pt x 680.5425pt>
File: FinalizeApplicationSD.png Graphic file (type png)

<use FinalizeApplicationSD.png>
Package pdftex.def Info: FinalizeApplicationSD.png used on input line 522.
(pdftex.def)             Requested size: 489.02367pt x 476.3765pt.

<ReadDocumentSD.png, id=79, 642.14906pt x 285.31593pt>
File: ReadDocumentSD.png Graphic file (type png)

<use ReadDocumentSD.png>
Package pdftex.def Info: ReadDocumentSD.png used on input line 523.
(pdftex.def)             Requested size: 449.50128pt x 199.71979pt.

Underfull \hbox (badness 10000) in paragraph at lines 520--524

 []


Underfull \hbox (badness 10000) in paragraph at lines 520--524

 []


Overfull \hbox (16.99243pt too wide) in paragraph at lines 520--524
[] 
 []


Underfull \hbox (badness 10000) in paragraph at lines 520--524

 []

[19 <./ApplicationSystemFlow.png>] [20 <./CreateApplicationSD.png> <./CreateInt
erviewSD.png>] [21 <./FinalizeApplicationSD.png>]
<ApplicationSMD.png, id=89, 1001.24063pt x 859.71187pt>
File: ApplicationSMD.png Graphic file (type png)

<use ApplicationSMD.png>
Package pdftex.def Info: ApplicationSMD.png used on input line 525.
(pdftex.def)             Requested size: 500.6191pt x 429.85487pt.
 <InterviewSMD.png, id=90, 698.61pt x 210.7875pt>
File: InterviewSMD.png Graphic file (type png)

<use InterviewSMD.png>
Package pdftex.def Info: InterviewSMD.png used on input line 526.
(pdftex.def)             Requested size: 489.02367pt x 147.55025pt.
 <EmployeeSMD.png, id=91, 647.41875pt x 201.00093pt>
File: EmployeeSMD.png Graphic file (type png)

<use EmployeeSMD.png>
Package pdftex.def Info: EmployeeSMD.png used on input line 527.
(pdftex.def)             Requested size: 485.56287pt x 150.75032pt.

Overfull \hbox (28.58786pt too wide) in paragraph at lines 525--528
[] 
 []


Underfull \hbox (badness 10000) in paragraph at lines 525--528

 []


Overfull \hbox (16.99243pt too wide) in paragraph at lines 525--528
[] 
 []


Underfull \hbox (badness 10000) in paragraph at lines 525--528

 []


Overfull \hbox (13.53163pt too wide) in paragraph at lines 525--528
[] 
 []

[22 <./ReadDocumentSD.png>] [23 <./ApplicationSMD.png> <./InterviewSMD.png>]
Missing character: There is no ‚ in font cmr10!
Missing character: There is no Ä in font cmr10!
Missing character: There is no ô in font cmr10!

Underfull \hbox (badness 10000) in paragraph at lines 554--556

 []

[24 <./EmployeeSMD.png>]
Underfull \hbox (badness 10000) in paragraph at lines 558--560

 []


Underfull \hbox (badness 10000) in paragraph at lines 565--567

 []


Overfull \hbox (2.2465pt too wide) in paragraph at lines 583--583
\OT1/cmr/m/n/10 40.15063.0.0)|  
 []


Overfull \hbox (2.2465pt too wide) in paragraph at lines 583--583
\OT1/cmr/m/n/10 40.15063.0.0)|  
 []


Underfull \hbox (badness 10000) in paragraph at lines 568--584

 []

[25]
Missing character: There is no ‚ in font cmr10!
Missing character: There is no Ä in font cmr10!
Missing character: There is no ô in font cmr10!
Missing character: There is no ‚ in font cmr10!
Missing character: There is no Ä in font cmr10!
Missing character: There is no ú in font cmr10!
Missing character: There is no ‚ in font cmr10!
Missing character: There is no Ä in font cmr10!
Missing character: There is no ù in font cmr10!
 [26] [27] ("Postgraduate Application Approval System.aux") ) 
Here is how much of TeX's memory you used:
 2841 strings out of 493333
 41183 string characters out of 3139191
 144330 words of memory out of 3000000
 6346 multiletter control sequences out of 15000+200000
 6231 words of font info for 23 fonts, out of 3000000 for 9000
 1141 hyphenation exceptions out of 8191
 39i,13n,32p,1262b,345s stack positions out of 5000i,500n,10000p,200000b,50000s
<C:/Program Files/
MiKTeX 2.9/fonts/type1/public/amsfonts/cm/cmbx10.pfb><C:/Program Files/MiKTeX 2
.9/fonts/type1/public/amsfonts/cm/cmbx12.pfb><C:/Program Files/MiKTeX 2.9/fonts
/type1/public/amsfonts/cm/cmr10.pfb><C:/Program Files/MiKTeX 2.9/fonts/type1/pu
blic/amsfonts/cm/cmr12.pfb><C:/Program Files/MiKTeX 2.9/fonts/type1/public/amsf
onts/cm/cmr17.pfb><C:/Program Files/MiKTeX 2.9/fonts/type1/public/amsfonts/cm/c
msy10.pfb><C:/Program Files/MiKTeX 2.9/fonts/type1/public/amsfonts/cm/cmtt10.pf
b>
Output written on "Postgraduate Application Approval System.pdf" (28 pages, 442
800 bytes).
PDF statistics:
 135 PDF objects out of 1000 (max. 8388607)
 0 named destinations out of 1000 (max. 500000)
 61 words of extra memory for PDF output out of 10000 (max. 10000000)

