\BOOKMARK [1][-]{section.1}{Introduction}{}% 1
\BOOKMARK [2][-]{subsection.1.1}{Glossary}{section.1}% 2
\BOOKMARK [2][-]{subsection.1.2}{Problem Statement and Project Purpose}{section.1}% 3
\BOOKMARK [2][-]{subsection.1.3}{Project Overview}{section.1}% 4
\BOOKMARK [2][-]{subsection.1.4}{Summary of Benefits}{section.1}% 5
\BOOKMARK [1][-]{section.2}{Software Requirement Specification}{}% 6
\BOOKMARK [2][-]{subsection.2.1}{Overall Description}{section.2}% 7
\BOOKMARK [3][-]{subsubsection.2.1.1}{Product Perspective}{subsection.2.1}% 8
\BOOKMARK [3][-]{subsubsection.2.1.2}{Requirements Gathering}{subsection.2.1}% 9
\BOOKMARK [3][-]{subsubsection.2.1.3}{Use Cases}{subsection.2.1}% 10
\BOOKMARK [3][-]{subsubsection.2.1.4}{User Characteristics}{subsection.2.1}% 11
\BOOKMARK [3][-]{subsubsection.2.1.5}{General Constraints}{subsection.2.1}% 12
\BOOKMARK [3][-]{subsubsection.2.1.6}{Assumptions and Dependencies}{subsection.2.1}% 13
\BOOKMARK [2][-]{subsection.2.2}{Detailed Requirements}{section.2}% 14
\BOOKMARK [3][-]{subsubsection.2.2.1}{External Interface Requirements}{subsection.2.2}% 15
\BOOKMARK [3][-]{subsubsection.2.2.2}{Functional Requirements}{subsection.2.2}% 16
\BOOKMARK [3][-]{subsubsection.2.2.3}{Performance Requirements}{subsection.2.2}% 17
\BOOKMARK [3][-]{subsubsection.2.2.4}{Design Constraints}{subsection.2.2}% 18
\BOOKMARK [3][-]{subsubsection.2.2.5}{Software System Attributes}{subsection.2.2}% 19
\BOOKMARK [1][-]{section.3}{Design}{}% 20
\BOOKMARK [2][-]{subsection.3.1}{Choice of a Software Development Life-Cycle}{section.3}% 21
\BOOKMARK [3][-]{subsubsection.3.1.1}{SCRUM}{subsection.3.1}% 22
\BOOKMARK [2][-]{subsection.3.2}{Choice of Architecture}{section.3}% 23
\BOOKMARK [3][-]{subsubsection.3.2.1}{Three Tier Architecture}{subsection.3.2}% 24
\BOOKMARK [3][-]{subsubsection.3.2.2}{Benefits}{subsection.3.2}% 25
\BOOKMARK [2][-]{subsection.3.3}{Front-end Interface Method}{section.3}% 26
\BOOKMARK [2][-]{subsection.3.4}{Back-End Service}{section.3}% 27
\BOOKMARK [2][-]{subsection.3.5}{Software Requirements for the Web Application}{section.3}% 28
\BOOKMARK [2][-]{subsection.3.6}{Other Supporting Software}{section.3}% 29
\BOOKMARK [2][-]{subsection.3.7}{Student Responsibilities}{section.3}% 30
\BOOKMARK [2][-]{subsection.3.8}{Sprint Plan}{section.3}% 31
\BOOKMARK [2][-]{subsection.3.9}{Use Case Diagram}{section.3}% 32
\BOOKMARK [2][-]{subsection.3.10}{Class Model Diagram}{section.3}% 33
\BOOKMARK [2][-]{subsection.3.11}{Process Model \(Flow Model\)}{section.3}% 34
\BOOKMARK [2][-]{subsection.3.12}{Sequence Diagrams}{section.3}% 35
\BOOKMARK [2][-]{subsection.3.13}{State Machine Diagrams}{section.3}% 36
\BOOKMARK [1][-]{section.4}{Implementation \(User Manual\)}{}% 37
\BOOKMARK [2][-]{subsection.4.1}{Create Application}{section.4}% 38
\BOOKMARK [2][-]{subsection.4.2}{Accept Application}{section.4}% 39
\BOOKMARK [2][-]{subsection.4.3}{Recommend Application}{section.4}% 40
\BOOKMARK [2][-]{subsection.4.4}{Create Interview}{section.4}% 41
\BOOKMARK [2][-]{subsection.4.5}{Process Interview}{section.4}% 42
\BOOKMARK [2][-]{subsection.4.6}{Verify Application}{section.4}% 43
\BOOKMARK [1][-]{section.5}{Testing}{}% 44
\BOOKMARK [2][-]{subsection.5.1}{Functionality Testing}{section.5}% 45
\BOOKMARK [3][-]{subsubsection.5.1.1}{Motivation for Functionality Testing}{subsection.5.1}% 46
\BOOKMARK [3][-]{subsubsection.5.1.2}{Case Name: Create Application}{subsection.5.1}% 47
\BOOKMARK [3][-]{subsubsection.5.1.3}{Case Name: Read Document}{subsection.5.1}% 48
\BOOKMARK [3][-]{subsubsection.5.1.4}{Case Name: Create Interview}{subsection.5.1}% 49
\BOOKMARK [3][-]{subsubsection.5.1.5}{Case Name: Recommend Application}{subsection.5.1}% 50
\BOOKMARK [3][-]{subsubsection.5.1.6}{Case Name: Finalize Application}{subsection.5.1}% 51
\BOOKMARK [3][-]{subsubsection.5.1.7}{Case Name: Login User}{subsection.5.1}% 52
\BOOKMARK [2][-]{subsection.5.2}{Security Testing}{section.5}% 53
\BOOKMARK [3][-]{subsubsection.5.2.1}{Motivation for Security Testing}{subsection.5.2}% 54
\BOOKMARK [3][-]{subsubsection.5.2.2}{Case Name: Security Testing for PAAS}{subsection.5.2}% 55
\BOOKMARK [2][-]{subsection.5.3}{User Acceptance Testing \(UAT\)}{section.5}% 56
\BOOKMARK [3][-]{subsubsection.5.3.1}{Motivation for User Acceptance Testing}{subsection.5.3}% 57
\BOOKMARK [3][-]{subsubsection.5.3.2}{Case Name: Create Application}{subsection.5.3}% 58
\BOOKMARK [3][-]{subsubsection.5.3.3}{Case Name: Create Interview}{subsection.5.3}% 59
\BOOKMARK [2][-]{subsection.5.4}{Cross-Browser Compatibility Testing}{section.5}% 60
\BOOKMARK [3][-]{subsubsection.5.4.1}{Motivation for Cross-Browser Compatibility Testing}{subsection.5.4}% 61
\BOOKMARK [3][-]{subsubsection.5.4.2}{Case Name: Check Cross-Browser Compatibility}{subsection.5.4}% 62
\BOOKMARK [2][-]{subsection.5.5}{Test Summary}{section.5}% 63
